build 5.56.30 PM/qr_code_scanner/outputs/logs/manifest-merger-debug-report.txt
-- Merging decision tree log ---
manifest
ADDED from src/main/AndroidManifest.xml:1:1-4:12
INJECTED from src/main/AndroidManifest.xml:1:1-4:12
INJECTED from src/main/AndroidManifest.xml:1:1-4:12
	package
		ADDED from src/main/AndroidManifest.xml:1:11-50
		INJECTED from src/main/AndroidManifest.xml
		INJECTED from src/main/AndroidManifest.xml
	xmlns:tools
		ADDED from src/main/AndroidManifest.xml:2:5-51
	xmlns:android
		ADDED from src/main/AndroidManifest.xml:1:1-4:12
uses-sdk
ADDED from src/main/AndroidManifest.xml:3:3-71
INJECTED from src/main/AndroidManifest.xml:3:3-71
INJECTED from src/main/AndroidManifest.xml:3:3-71
INJECTED from src/main/AndroidManifest.xml:3:3-71
INJECTED from src/main/AndroidManifest.xml:3:3-71
	tools:overrideLibrary
		ADDED from src/main/AndroidManifest.xml:3:13-68
	android:targetSdkVersion
		INJECTED from src/main/AndroidManifest.xml
		ADDED from src/main/AndroidManifest.xml:3:3-71
		INJECTED from src/main/AndroidManifest.xml
	android:minSdkVersion
		INJECTED from src/main/AndroidManifest.xml
		ADDED from src/main/AndroidManifest.xml:3:3-71
		INJECTED from src/main/AndroidManifest.xml